{"/home/max/Desktop/repositories/polygon-explorer/polygon-explorer-sails/polygon-explorer/app.js": {"path":"/home/max/Desktop/repositories/polygon-explorer/polygon-explorer-sails/polygon-explorer/app.js","statementMap":{"0":{"start":{"line":27,"column":0},"end":{"line":27,"column":25}},"1":{"start":{"line":34,"column":0},"end":{"line":49,"column":1}},"2":{"start":{"line":35,"column":2},"end":{"line":35,"column":27}},"3":{"start":{"line":36,"column":2},"end":{"line":36,"column":38}},"4":{"start":{"line":38,"column":2},"end":{"line":38,"column":79}},"5":{"start":{"line":39,"column":2},"end":{"line":39,"column":27}},"6":{"start":{"line":40,"column":2},"end":{"line":40,"column":22}},"7":{"start":{"line":41,"column":2},"end":{"line":41,"column":87}},"8":{"start":{"line":42,"column":2},"end":{"line":42,"column":89}},"9":{"start":{"line":43,"column":2},"end":{"line":43,"column":76}},"10":{"start":{"line":44,"column":2},"end":{"line":44,"column":18}},"11":{"start":{"line":45,"column":2},"end":{"line":45,"column":88}},"12":{"start":{"line":46,"column":2},"end":{"line":46,"column":88}},"13":{"start":{"line":47,"column":2},"end":{"line":47,"column":88}},"14":{"start":{"line":48,"column":2},"end":{"line":48,"column":90}},"15":{"start":{"line":53,"column":0},"end":{"line":53,"column":24}}},"fnMap":{},"branchMap":{},"s":{"0":1,"1":1,"2":1,"3":1,"4":0,"5":0,"6":0,"7":0,"8":0,"9":0,"10":0,"11":0,"12":0,"13":0,"14":0,"15":1},"f":{},"b":{},"_coverageSchema":"1a1c01bbd47fc00a2c39e90264f33305004495a9","hash":"89e371ad753f81df3bdd10269f98c57cfffbcac9"}
,"/home/max/Desktop/repositories/polygon-explorer/polygon-explorer-sails/polygon-explorer/api/controllers/AddressController.js": {"path":"/home/max/Desktop/repositories/polygon-explorer/polygon-explorer-sails/polygon-explorer/api/controllers/AddressController.js","statementMap":{"0":{"start":{"line":1,"column":13},"end":{"line":1,"column":28}},"1":{"start":{"line":2,"column":13},"end":{"line":2,"column":49}},"2":{"start":{"line":4,"column":0},"end":{"line":20,"column":1}},"3":{"start":{"line":8,"column":24},"end":{"line":8,"column":42}},"4":{"start":{"line":10,"column":8},"end":{"line":12,"column":9}},"5":{"start":{"line":11,"column":12},"end":{"line":11,"column":48}},"6":{"start":{"line":14,"column":8},"end":{"line":16,"column":11}},"7":{"start":{"line":15,"column":12},"end":{"line":15,"column":77}},"8":{"start":{"line":18,"column":8},"end":{"line":18,"column":27}}},"fnMap":{"0":{"name":"(anonymous_0)","decl":{"start":{"line":5,"column":23},"end":{"line":5,"column":24}},"loc":{"start":{"line":5,"column":49},"end":{"line":19,"column":5}},"line":5},"1":{"name":"(anonymous_1)","decl":{"start":{"line":14,"column":48},"end":{"line":14,"column":49}},"loc":{"start":{"line":14,"column":57},"end":{"line":16,"column":9}},"line":14}},"branchMap":{"0":{"loc":{"start":{"line":10,"column":8},"end":{"line":12,"column":9}},"type":"if","locations":[{"start":{"line":10,"column":8},"end":{"line":12,"column":9}},{"start":{},"end":{}}],"line":10},"1":{"loc":{"start":{"line":10,"column":12},"end":{"line":10,"column":80}},"type":"binary-expr","locations":[{"start":{"line":10,"column":12},"end":{"line":10,"column":28}},{"start":{"line":10,"column":32},"end":{"line":10,"column":57}},{"start":{"line":10,"column":61},"end":{"line":10,"column":80}}],"line":10}},"s":{"0":1,"1":1,"2":1,"3":0,"4":0,"5":0,"6":0,"7":0,"8":0},"f":{"0":0,"1":0},"b":{"0":[0,0],"1":[0,0,0]},"_coverageSchema":"1a1c01bbd47fc00a2c39e90264f33305004495a9","hash":"503224c6272aee8c0858c7fab70bd33cef01393a"}
,"/home/max/Desktop/repositories/polygon-explorer/polygon-explorer-sails/polygon-explorer/api/controllers/BlockController.js": {"path":"/home/max/Desktop/repositories/polygon-explorer/polygon-explorer-sails/polygon-explorer/api/controllers/BlockController.js","statementMap":{"0":{"start":{"line":1,"column":13},"end":{"line":1,"column":28}},"1":{"start":{"line":2,"column":13},"end":{"line":2,"column":49}},"2":{"start":{"line":4,"column":0},"end":{"line":95,"column":1}},"3":{"start":{"line":8,"column":8},"end":{"line":11,"column":11}},"4":{"start":{"line":10,"column":12},"end":{"line":10,"column":57}},"5":{"start":{"line":13,"column":8},"end":{"line":13,"column":27}},"6":{"start":{"line":19,"column":8},"end":{"line":22,"column":11}},"7":{"start":{"line":21,"column":12},"end":{"line":21,"column":57}},"8":{"start":{"line":24,"column":8},"end":{"line":24,"column":27}},"9":{"start":{"line":30,"column":31},"end":{"line":30,"column":44}},"10":{"start":{"line":32,"column":8},"end":{"line":32,"column":36}},"11":{"start":{"line":33,"column":8},"end":{"line":33,"column":45}},"12":{"start":{"line":34,"column":8},"end":{"line":34,"column":53}},"13":{"start":{"line":35,"column":8},"end":{"line":35,"column":53}},"14":{"start":{"line":38,"column":8},"end":{"line":41,"column":9}},"15":{"start":{"line":40,"column":12},"end":{"line":40,"column":45}},"16":{"start":{"line":46,"column":8},"end":{"line":50,"column":9}},"17":{"start":{"line":47,"column":12},"end":{"line":49,"column":13}},"18":{"start":{"line":48,"column":16},"end":{"line":48,"column":49}},"19":{"start":{"line":52,"column":8},"end":{"line":55,"column":11}},"20":{"start":{"line":54,"column":12},"end":{"line":54,"column":57}},"21":{"start":{"line":57,"column":8},"end":{"line":57,"column":27}},"22":{"start":{"line":61,"column":23},"end":{"line":61,"column":25}},"23":{"start":{"line":64,"column":32},"end":{"line":64,"column":47}},"24":{"start":{"line":65,"column":22},"end":{"line":65,"column":38}},"25":{"start":{"line":67,"column":8},"end":{"line":71,"column":9}},"26":{"start":{"line":68,"column":12},"end":{"line":68,"column":57}},"27":{"start":{"line":69,"column":15},"end":{"line":71,"column":9}},"28":{"start":{"line":70,"column":12},"end":{"line":70,"column":53}},"29":{"start":{"line":73,"column":8},"end":{"line":75,"column":11}},"30":{"start":{"line":74,"column":12},"end":{"line":74,"column":60}},"31":{"start":{"line":77,"column":33},"end":{"line":77,"column":69}},"32":{"start":{"line":78,"column":27},"end":{"line":78,"column":32}},"33":{"start":{"line":80,"column":28},"end":{"line":80,"column":30}},"34":{"start":{"line":82,"column":8},"end":{"line":90,"column":9}},"35":{"start":{"line":82,"column":21},"end":{"line":82,"column":37}},"36":{"start":{"line":83,"column":12},"end":{"line":89,"column":15}},"37":{"start":{"line":84,"column":16},"end":{"line":84,"column":42}},"38":{"start":{"line":86,"column":16},"end":{"line":88,"column":17}},"39":{"start":{"line":87,"column":20},"end":{"line":87,"column":73}},"40":{"start":{"line":92,"column":8},"end":{"line":92,"column":27}}},"fnMap":{"0":{"name":"(anonymous_0)","decl":{"start":{"line":5,"column":20},"end":{"line":5,"column":21}},"loc":{"start":{"line":5,"column":46},"end":{"line":14,"column":5}},"line":5},"1":{"name":"(anonymous_1)","decl":{"start":{"line":8,"column":48},"end":{"line":8,"column":49}},"loc":{"start":{"line":8,"column":67},"end":{"line":9,"column":9}},"line":8},"2":{"name":"(anonymous_2)","decl":{"start":{"line":9,"column":16},"end":{"line":9,"column":17}},"loc":{"start":{"line":9,"column":25},"end":{"line":11,"column":9}},"line":9},"3":{"name":"(anonymous_3)","decl":{"start":{"line":16,"column":22},"end":{"line":16,"column":23}},"loc":{"start":{"line":16,"column":48},"end":{"line":25,"column":5}},"line":16},"4":{"name":"(anonymous_4)","decl":{"start":{"line":19,"column":49},"end":{"line":19,"column":50}},"loc":{"start":{"line":19,"column":68},"end":{"line":20,"column":9}},"line":19},"5":{"name":"(anonymous_5)","decl":{"start":{"line":20,"column":16},"end":{"line":20,"column":17}},"loc":{"start":{"line":20,"column":25},"end":{"line":22,"column":9}},"line":20},"6":{"name":"(anonymous_6)","decl":{"start":{"line":27,"column":26},"end":{"line":27,"column":27}},"loc":{"start":{"line":27,"column":52},"end":{"line":58,"column":5}},"line":27},"7":{"name":"(anonymous_7)","decl":{"start":{"line":52,"column":54},"end":{"line":52,"column":55}},"loc":{"start":{"line":52,"column":73},"end":{"line":53,"column":9}},"line":52},"8":{"name":"(anonymous_8)","decl":{"start":{"line":53,"column":16},"end":{"line":53,"column":17}},"loc":{"start":{"line":53,"column":25},"end":{"line":55,"column":9}},"line":53},"9":{"name":"(anonymous_9)","decl":{"start":{"line":60,"column":37},"end":{"line":60,"column":38}},"loc":{"start":{"line":60,"column":63},"end":{"line":94,"column":5}},"line":60},"10":{"name":"(anonymous_10)","decl":{"start":{"line":73,"column":49},"end":{"line":73,"column":50}},"loc":{"start":{"line":73,"column":68},"end":{"line":73,"column":71}},"line":73},"11":{"name":"(anonymous_11)","decl":{"start":{"line":73,"column":78},"end":{"line":73,"column":79}},"loc":{"start":{"line":73,"column":87},"end":{"line":75,"column":9}},"line":73},"12":{"name":"(anonymous_12)","decl":{"start":{"line":83,"column":46},"end":{"line":83,"column":47}},"loc":{"start":{"line":83,"column":65},"end":{"line":83,"column":68}},"line":83},"13":{"name":"(anonymous_13)","decl":{"start":{"line":83,"column":75},"end":{"line":83,"column":76}},"loc":{"start":{"line":83,"column":86},"end":{"line":89,"column":13}},"line":83}},"branchMap":{"0":{"loc":{"start":{"line":38,"column":8},"end":{"line":41,"column":9}},"type":"if","locations":[{"start":{"line":38,"column":8},"end":{"line":41,"column":9}},{"start":{},"end":{}}],"line":38},"1":{"loc":{"start":{"line":38,"column":12},"end":{"line":39,"column":81}},"type":"binary-expr","locations":[{"start":{"line":38,"column":12},"end":{"line":38,"column":35}},{"start":{"line":39,"column":13},"end":{"line":39,"column":45}},{"start":{"line":39,"column":49},"end":{"line":39,"column":80}}],"line":38},"2":{"loc":{"start":{"line":46,"column":8},"end":{"line":50,"column":9}},"type":"if","locations":[{"start":{"line":46,"column":8},"end":{"line":50,"column":9}},{"start":{},"end":{}}],"line":46},"3":{"loc":{"start":{"line":47,"column":12},"end":{"line":49,"column":13}},"type":"if","locations":[{"start":{"line":47,"column":12},"end":{"line":49,"column":13}},{"start":{},"end":{}}],"line":47},"4":{"loc":{"start":{"line":67,"column":8},"end":{"line":71,"column":9}},"type":"if","locations":[{"start":{"line":67,"column":8},"end":{"line":71,"column":9}},{"start":{"line":69,"column":15},"end":{"line":71,"column":9}}],"line":67},"5":{"loc":{"start":{"line":69,"column":15},"end":{"line":71,"column":9}},"type":"if","locations":[{"start":{"line":69,"column":15},"end":{"line":71,"column":9}},{"start":{},"end":{}}],"line":69},"6":{"loc":{"start":{"line":86,"column":16},"end":{"line":88,"column":17}},"type":"if","locations":[{"start":{"line":86,"column":16},"end":{"line":88,"column":17}},{"start":{},"end":{}}],"line":86}},"s":{"0":1,"1":1,"2":1,"3":0,"4":0,"5":0,"6":0,"7":0,"8":0,"9":0,"10":0,"11":0,"12":0,"13":0,"14":0,"15":0,"16":0,"17":0,"18":0,"19":0,"20":0,"21":0,"22":0,"23":0,"24":0,"25":0,"26":0,"27":0,"28":0,"29":0,"30":0,"31":0,"32":0,"33":0,"34":0,"35":0,"36":0,"37":0,"38":0,"39":0,"40":0},"f":{"0":0,"1":0,"2":0,"3":0,"4":0,"5":0,"6":0,"7":0,"8":0,"9":0,"10":0,"11":0,"12":0,"13":0},"b":{"0":[0,0],"1":[0,0,0],"2":[0,0],"3":[0,0],"4":[0,0],"5":[0,0],"6":[0,0]},"_coverageSchema":"1a1c01bbd47fc00a2c39e90264f33305004495a9","hash":"858ca0e6aef6cbc2593ae16c6305cad69101a44b"}
,"/home/max/Desktop/repositories/polygon-explorer/polygon-explorer-sails/polygon-explorer/api/controllers/TransactionController.js": {"path":"/home/max/Desktop/repositories/polygon-explorer/polygon-explorer-sails/polygon-explorer/api/controllers/TransactionController.js","statementMap":{"0":{"start":{"line":1,"column":13},"end":{"line":1,"column":28}},"1":{"start":{"line":2,"column":13},"end":{"line":2,"column":49}},"2":{"start":{"line":4,"column":0},"end":{"line":65,"column":1}},"3":{"start":{"line":9,"column":8},"end":{"line":12,"column":15}},"4":{"start":{"line":11,"column":16},"end":{"line":11,"column":64}},"5":{"start":{"line":14,"column":34},"end":{"line":14,"column":69}},"6":{"start":{"line":15,"column":28},"end":{"line":15,"column":46}},"7":{"start":{"line":17,"column":8},"end":{"line":19,"column":11}},"8":{"start":{"line":18,"column":12},"end":{"line":18,"column":57}},"9":{"start":{"line":21,"column":8},"end":{"line":21,"column":27}},"10":{"start":{"line":27,"column":8},"end":{"line":29,"column":11}},"11":{"start":{"line":28,"column":12},"end":{"line":28,"column":57}},"12":{"start":{"line":31,"column":8},"end":{"line":31,"column":27}},"13":{"start":{"line":35,"column":23},"end":{"line":35,"column":25}},"14":{"start":{"line":37,"column":21},"end":{"line":37,"column":36}},"15":{"start":{"line":39,"column":8},"end":{"line":41,"column":9}},"16":{"start":{"line":40,"column":12},"end":{"line":40,"column":45}},"17":{"start":{"line":43,"column":8},"end":{"line":45,"column":11}},"18":{"start":{"line":44,"column":12},"end":{"line":44,"column":57}},"19":{"start":{"line":47,"column":8},"end":{"line":47,"column":27}},"20":{"start":{"line":51,"column":23},"end":{"line":51,"column":25}},"21":{"start":{"line":53,"column":24},"end":{"line":53,"column":42}},"22":{"start":{"line":55,"column":8},"end":{"line":57,"column":9}},"23":{"start":{"line":56,"column":12},"end":{"line":56,"column":48}},"24":{"start":{"line":59,"column":8},"end":{"line":61,"column":11}},"25":{"start":{"line":60,"column":12},"end":{"line":60,"column":57}},"26":{"start":{"line":63,"column":8},"end":{"line":63,"column":27}}},"fnMap":{"0":{"name":"(anonymous_0)","decl":{"start":{"line":5,"column":26},"end":{"line":5,"column":27}},"loc":{"start":{"line":5,"column":52},"end":{"line":22,"column":5}},"line":5},"1":{"name":"(anonymous_1)","decl":{"start":{"line":9,"column":48},"end":{"line":9,"column":49}},"loc":{"start":{"line":9,"column":54},"end":{"line":9,"column":57}},"line":9},"2":{"name":"(anonymous_2)","decl":{"start":{"line":10,"column":18},"end":{"line":10,"column":19}},"loc":{"start":{"line":10,"column":27},"end":{"line":12,"column":13}},"line":10},"3":{"name":"(anonymous_3)","decl":{"start":{"line":17,"column":84},"end":{"line":17,"column":85}},"loc":{"start":{"line":17,"column":93},"end":{"line":19,"column":9}},"line":17},"4":{"name":"(anonymous_4)","decl":{"start":{"line":24,"column":28},"end":{"line":24,"column":29}},"loc":{"start":{"line":24,"column":54},"end":{"line":32,"column":5}},"line":24},"5":{"name":"(anonymous_5)","decl":{"start":{"line":27,"column":53},"end":{"line":27,"column":54}},"loc":{"start":{"line":27,"column":64},"end":{"line":29,"column":9}},"line":27},"6":{"name":"(anonymous_6)","decl":{"start":{"line":34,"column":26},"end":{"line":34,"column":27}},"loc":{"start":{"line":34,"column":52},"end":{"line":48,"column":5}},"line":34},"7":{"name":"(anonymous_7)","decl":{"start":{"line":43,"column":49},"end":{"line":43,"column":50}},"loc":{"start":{"line":43,"column":60},"end":{"line":45,"column":9}},"line":43},"8":{"name":"(anonymous_8)","decl":{"start":{"line":50,"column":23},"end":{"line":50,"column":24}},"loc":{"start":{"line":50,"column":49},"end":{"line":64,"column":5}},"line":50},"9":{"name":"(anonymous_9)","decl":{"start":{"line":59,"column":57},"end":{"line":59,"column":58}},"loc":{"start":{"line":59,"column":68},"end":{"line":61,"column":9}},"line":59}},"branchMap":{"0":{"loc":{"start":{"line":39,"column":8},"end":{"line":41,"column":9}},"type":"if","locations":[{"start":{"line":39,"column":8},"end":{"line":41,"column":9}},{"start":{},"end":{}}],"line":39},"1":{"loc":{"start":{"line":39,"column":12},"end":{"line":39,"column":51}},"type":"binary-expr","locations":[{"start":{"line":39,"column":12},"end":{"line":39,"column":25}},{"start":{"line":39,"column":29},"end":{"line":39,"column":51}}],"line":39},"2":{"loc":{"start":{"line":55,"column":8},"end":{"line":57,"column":9}},"type":"if","locations":[{"start":{"line":55,"column":8},"end":{"line":57,"column":9}},{"start":{},"end":{}}],"line":55},"3":{"loc":{"start":{"line":55,"column":12},"end":{"line":55,"column":57}},"type":"binary-expr","locations":[{"start":{"line":55,"column":12},"end":{"line":55,"column":28}},{"start":{"line":55,"column":32},"end":{"line":55,"column":57}}],"line":55}},"s":{"0":1,"1":1,"2":1,"3":0,"4":0,"5":0,"6":0,"7":0,"8":0,"9":0,"10":0,"11":0,"12":0,"13":0,"14":0,"15":0,"16":0,"17":0,"18":0,"19":0,"20":0,"21":0,"22":0,"23":0,"24":0,"25":0,"26":0},"f":{"0":0,"1":0,"2":0,"3":0,"4":0,"5":0,"6":0,"7":0,"8":0,"9":0},"b":{"0":[0,0],"1":[0,0],"2":[0,0],"3":[0,0]},"_coverageSchema":"1a1c01bbd47fc00a2c39e90264f33305004495a9","hash":"71a7c70a5bfd0ff7fa214fcb61375b80c3bbb0d0"}
,"/home/max/Desktop/repositories/polygon-explorer/polygon-explorer-sails/polygon-explorer/config/blueprints.js": {"path":"/home/max/Desktop/repositories/polygon-explorer/polygon-explorer-sails/polygon-explorer/config/blueprints.js","statementMap":{"0":{"start":{"line":12,"column":0},"end":{"line":41,"column":2}}},"fnMap":{},"branchMap":{},"s":{"0":1},"f":{},"b":{},"_coverageSchema":"1a1c01bbd47fc00a2c39e90264f33305004495a9","hash":"20c75582ffa249b3e1121c9b92ef155da5e0789e"}
,"/home/max/Desktop/repositories/polygon-explorer/polygon-explorer-sails/polygon-explorer/config/bootstrap.js": {"path":"/home/max/Desktop/repositories/polygon-explorer/polygon-explorer-sails/polygon-explorer/config/bootstrap.js","statementMap":{"0":{"start":{"line":12,"column":0},"end":{"line":30,"column":2}}},"fnMap":{"0":{"name":"(anonymous_0)","decl":{"start":{"line":12,"column":27},"end":{"line":12,"column":28}},"loc":{"start":{"line":12,"column":44},"end":{"line":30,"column":1}},"line":12}},"branchMap":{},"s":{"0":1},"f":{"0":1},"b":{},"_coverageSchema":"1a1c01bbd47fc00a2c39e90264f33305004495a9","hash":"28df1b6741ca4cf109e1447568b7e6631bb60c46"}
,"/home/max/Desktop/repositories/polygon-explorer/polygon-explorer-sails/polygon-explorer/config/custom.js": {"path":"/home/max/Desktop/repositories/polygon-explorer/polygon-explorer-sails/polygon-explorer/config/custom.js","statementMap":{"0":{"start":{"line":11,"column":0},"end":{"line":22,"column":2}}},"fnMap":{},"branchMap":{},"s":{"0":1},"f":{},"b":{},"_coverageSchema":"1a1c01bbd47fc00a2c39e90264f33305004495a9","hash":"e1dbcb3ba562260473de21b7ee8ed618e99ef177"}
,"/home/max/Desktop/repositories/polygon-explorer/polygon-explorer-sails/polygon-explorer/config/datastores.js": {"path":"/home/max/Desktop/repositories/polygon-explorer/polygon-explorer-sails/polygon-explorer/config/datastores.js","statementMap":{"0":{"start":{"line":16,"column":0},"end":{"line":57,"column":2}}},"fnMap":{},"branchMap":{},"s":{"0":1},"f":{},"b":{},"_coverageSchema":"1a1c01bbd47fc00a2c39e90264f33305004495a9","hash":"1a5351e81039474b69a18ea18105e6d22fe4f439"}
,"/home/max/Desktop/repositories/polygon-explorer/polygon-explorer-sails/polygon-explorer/config/globals.js": {"path":"/home/max/Desktop/repositories/polygon-explorer/polygon-explorer-sails/polygon-explorer/config/globals.js","statementMap":{"0":{"start":{"line":12,"column":0},"end":{"line":52,"column":2}}},"fnMap":{},"branchMap":{},"s":{"0":1},"f":{},"b":{},"_coverageSchema":"1a1c01bbd47fc00a2c39e90264f33305004495a9","hash":"920b1f850c43e5f4c3bbda68867f6bd88b133cde"}
,"/home/max/Desktop/repositories/polygon-explorer/polygon-explorer-sails/polygon-explorer/config/http.js": {"path":"/home/max/Desktop/repositories/polygon-explorer/polygon-explorer-sails/polygon-explorer/config/http.js","statementMap":{"0":{"start":{"line":12,"column":0},"end":{"line":60,"column":2}}},"fnMap":{},"branchMap":{},"s":{"0":1},"f":{},"b":{},"_coverageSchema":"1a1c01bbd47fc00a2c39e90264f33305004495a9","hash":"0d1f12846601a5671823afb85f1b3d3a86909a2e"}
,"/home/max/Desktop/repositories/polygon-explorer/polygon-explorer-sails/polygon-explorer/config/i18n.js": {"path":"/home/max/Desktop/repositories/polygon-explorer/polygon-explorer-sails/polygon-explorer/config/i18n.js","statementMap":{"0":{"start":{"line":15,"column":0},"end":{"line":45,"column":2}}},"fnMap":{},"branchMap":{},"s":{"0":1},"f":{},"b":{},"_coverageSchema":"1a1c01bbd47fc00a2c39e90264f33305004495a9","hash":"1c7cd0afe8a1d2802473e3f2f3ab5095eec3ab57"}
,"/home/max/Desktop/repositories/polygon-explorer/polygon-explorer-sails/polygon-explorer/config/local.js": {"path":"/home/max/Desktop/repositories/polygon-explorer/polygon-explorer-sails/polygon-explorer/config/local.js","statementMap":{"0":{"start":{"line":11,"column":0},"end":{"line":16,"column":2}}},"fnMap":{},"branchMap":{},"s":{"0":1},"f":{},"b":{},"_coverageSchema":"1a1c01bbd47fc00a2c39e90264f33305004495a9","hash":"500665192365f3afac86b77a4a1c97a8dbc063b7"}
,"/home/max/Desktop/repositories/polygon-explorer/polygon-explorer-sails/polygon-explorer/config/log.js": {"path":"/home/max/Desktop/repositories/polygon-explorer/polygon-explorer-sails/polygon-explorer/config/log.js","statementMap":{"0":{"start":{"line":13,"column":0},"end":{"line":29,"column":2}}},"fnMap":{},"branchMap":{},"s":{"0":1},"f":{},"b":{},"_coverageSchema":"1a1c01bbd47fc00a2c39e90264f33305004495a9","hash":"601f9d81d683f5ac61b5e2803ad36b62ab010427"}
,"/home/max/Desktop/repositories/polygon-explorer/polygon-explorer-sails/polygon-explorer/config/models.js": {"path":"/home/max/Desktop/repositories/polygon-explorer/polygon-explorer-sails/polygon-explorer/config/models.js","statementMap":{"0":{"start":{"line":16,"column":0},"end":{"line":124,"column":2}}},"fnMap":{},"branchMap":{},"s":{"0":1},"f":{},"b":{},"_coverageSchema":"1a1c01bbd47fc00a2c39e90264f33305004495a9","hash":"05034f43fa3ac0b8159aee0b0fa675dd24961537"}
,"/home/max/Desktop/repositories/polygon-explorer/polygon-explorer-sails/polygon-explorer/config/policies.js": {"path":"/home/max/Desktop/repositories/polygon-explorer/polygon-explorer-sails/polygon-explorer/config/policies.js","statementMap":{"0":{"start":{"line":11,"column":0},"end":{"line":22,"column":2}}},"fnMap":{},"branchMap":{},"s":{"0":1},"f":{},"b":{},"_coverageSchema":"1a1c01bbd47fc00a2c39e90264f33305004495a9","hash":"85d3bb1c6dc836b70fd403bc52feaf5b2b6b5c34"}
,"/home/max/Desktop/repositories/polygon-explorer/polygon-explorer-sails/polygon-explorer/config/routes.js": {"path":"/home/max/Desktop/repositories/polygon-explorer/polygon-explorer-sails/polygon-explorer/config/routes.js","statementMap":{"0":{"start":{"line":11,"column":0},"end":{"line":48,"column":2}}},"fnMap":{},"branchMap":{},"s":{"0":1},"f":{},"b":{},"_coverageSchema":"1a1c01bbd47fc00a2c39e90264f33305004495a9","hash":"c94bb4fc2b2566e8c9f44c2b94e292cf520345ce"}
,"/home/max/Desktop/repositories/polygon-explorer/polygon-explorer-sails/polygon-explorer/config/security.js": {"path":"/home/max/Desktop/repositories/polygon-explorer/polygon-explorer-sails/polygon-explorer/config/security.js","statementMap":{"0":{"start":{"line":16,"column":0},"end":{"line":54,"column":2}}},"fnMap":{},"branchMap":{},"s":{"0":1},"f":{},"b":{},"_coverageSchema":"1a1c01bbd47fc00a2c39e90264f33305004495a9","hash":"a5e163f5272948a94165ba701c79824cf77c9013"}
,"/home/max/Desktop/repositories/polygon-explorer/polygon-explorer-sails/polygon-explorer/config/session.js": {"path":"/home/max/Desktop/repositories/polygon-explorer/polygon-explorer-sails/polygon-explorer/config/session.js","statementMap":{"0":{"start":{"line":12,"column":0},"end":{"line":39,"column":2}}},"fnMap":{},"branchMap":{},"s":{"0":1},"f":{},"b":{},"_coverageSchema":"1a1c01bbd47fc00a2c39e90264f33305004495a9","hash":"a10739275eb2c94e975eff816fbc0c8af8cdb5ea"}
,"/home/max/Desktop/repositories/polygon-explorer/polygon-explorer-sails/polygon-explorer/config/sockets.js": {"path":"/home/max/Desktop/repositories/polygon-explorer/polygon-explorer-sails/polygon-explorer/config/sockets.js","statementMap":{"0":{"start":{"line":12,"column":0},"end":{"line":82,"column":2}}},"fnMap":{},"branchMap":{},"s":{"0":1},"f":{},"b":{},"_coverageSchema":"1a1c01bbd47fc00a2c39e90264f33305004495a9","hash":"6820d1122703bd359d1bd5ec0f315abc23ca6b30"}
,"/home/max/Desktop/repositories/polygon-explorer/polygon-explorer-sails/polygon-explorer/config/views.js": {"path":"/home/max/Desktop/repositories/polygon-explorer/polygon-explorer-sails/polygon-explorer/config/views.js","statementMap":{"0":{"start":{"line":17,"column":0},"end":{"line":41,"column":2}}},"fnMap":{},"branchMap":{},"s":{"0":1},"f":{},"b":{},"_coverageSchema":"1a1c01bbd47fc00a2c39e90264f33305004495a9","hash":"94e02505131fc2908914487d8b7b5ce6e5047502"}
}
